# JRE version: OpenJDK Runtime Environment Temurin-17.0.1+12 (17.0.1+12) (build 17.0.1+12)
# Java VM: OpenJDK 64-Bit Server VM Temurin-17.0.1+12 (17.0.1+12, mixed mode, tiered, compressed oops, compressed class ptrs, g1 gc, windows-amd64)
GC Precious Log:
 CPUs: 4 total, 4 available
 Memory: 4013M
 Large Page Support: Disabled
 NUMA Support: Disabled
 Compressed Oops: Enabled (32-bit)
 Heap Region Size: 1M
 Heap Min Capacity: 8M
 Heap Initial Capacity: 64M
 Heap Max Capacity: 1004M
 Pre-touch: Disabled
 Parallel Workers: 4
 Concurrent Workers: 1
 Concurrent Refinement Workers: 4
 Periodic GC: Disabled
Heap:
 garbage-first heap   total 109568K, used 64627K [0x00000000c1400000, 0x0000000100000000)
  region size 1024K, 2 young (2048K), 2 survivors (2048K)
 Metaspace       used 32846K, committed 33088K, reserved 1081344K
  class space    used 3714K, committed 3840K, reserved 1048576K
GC Heap History (20 events):
Event: 10.849 GC heap after
{Heap after GC invocations=2 (full 0):
 garbage-first heap   total 65536K, used 5894K [0x00000000c1400000, 0x0000000100000000)
  region size 1024K, 2 young (2048K), 2 survivors (2048K)
 Metaspace       used 15933K, committed 16064K, reserved 1064960K
  class space    used 1570K, committed 1664K, reserved 1048576K
}
Event: 20.868 GC heap before
{Heap before GC invocations=2 (full 0):
 garbage-first heap   total 65536K, used 22278K [0x00000000c1400000, 0x0000000100000000)
  region size 1024K, 19 young (19456K), 2 survivors (2048K)
 Metaspace       used 21312K, committed 21504K, reserved 1073152K
  class space    used 2267K, committed 2368K, reserved 1048576K
}
Event: 20.873 GC heap after
{Heap after GC invocations=3 (full 0):
 garbage-first heap   total 65536K, used 7475K [0x00000000c1400000, 0x0000000100000000)
  region size 1024K, 3 young (3072K), 3 survivors (3072K)
 Metaspace       used 21312K, committed 21504K, reserved 1073152K
  class space    used 2267K, committed 2368K, reserved 1048576K
}
Event: 24.007 GC heap before
{Heap before GC invocations=4 (full 0):
 garbage-first heap   total 30720K, used 21811K [0x00000000c1400000, 0x0000000100000000)
  region size 1024K, 18 young (18432K), 3 survivors (3072K)
 Metaspace       used 26011K, committed 26176K, reserved 1073152K
  class space    used 2821K, committed 2880K, reserved 1048576K
}
Event: 24.023 GC heap after
{Heap after GC invocations=5 (full 0):
 garbage-first heap   total 30720K, used 9442K [0x00000000c1400000, 0x0000000100000000)
  region size 1024K, 4 young (4096K), 4 survivors (4096K)
 Metaspace       used 26011K, committed 26176K, reserved 1073152K
  class space    used 2821K, committed 2880K, reserved 1048576K
}
Event: 24.163 GC heap before
{Heap before GC invocations=5 (full 0):
 garbage-first heap   total 30720K, used 10466K [0x00000000c1400000, 0x0000000100000000)
  region size 1024K, 5 young (5120K), 4 survivors (4096K)
 Metaspace       used 26267K, committed 26432K, reserved 1073152K
  class space    used 2863K, committed 2944K, reserved 1048576K
}
Event: 24.169 GC heap after
{Heap after GC invocations=6 (full 0):
 garbage-first heap   total 30720K, used 9758K [0x00000000c1400000, 0x0000000100000000)
  region size 1024K, 1 young (1024K), 1 survivors (1024K)
 Metaspace       used 26267K, committed 26432K, reserved 1073152K
  class space    used 2863K, committed 2944K, reserved 1048576K
}
Event: 28.019 GC heap before
{Heap before GC invocations=6 (full 0):
 garbage-first heap   total 30720K, used 18974K [0x00000000c1400000, 0x0000000100000000)
  region size 1024K, 11 young (11264K), 1 survivors (1024K)
 Metaspace       used 29083K, committed 29376K, reserved 1081344K
  class space    used 3246K, committed 3392K, reserved 1048576K
}
Event: 28.022 GC heap after
{Heap after GC invocations=7 (full 0):
 garbage-first heap   total 30720K, used 9849K [0x00000000c1400000, 0x0000000100000000)
  region size 1024K, 1 young (1024K), 1 survivors (1024K)
 Metaspace       used 29083K, committed 29376K, reserved 1081344K
  class space    used 3246K, committed 3392K, reserved 1048576K
}
Event: 29.050 GC heap before
{Heap before GC invocations=7 (full 0):
 garbage-first heap   total 30720K, used 13945K [0x00000000c1400000, 0x0000000100000000)
  region size 1024K, 6 young (6144K), 1 survivors (1024K)
 Metaspace       used 30163K, committed 30400K, reserved 1081344K
  class space    used 3411K, committed 3520K, reserved 1048576K
}
Event: 29.057 GC heap after
{Heap after GC invocations=8 (full 0):
 garbage-first heap   total 30720K, used 10105K [0x00000000c1400000, 0x0000000100000000)
  region size 1024K, 1 young (1024K), 1 survivors (1024K)
 Metaspace       used 30163K, committed 30400K, reserved 1081344K
  class space    used 3411K, committed 3520K, reserved 1048576K
}
Event: 56.104 GC heap before
{Heap before GC invocations=8 (full 0):
 garbage-first heap   total 47104K, used 38777K [0x00000000c1400000, 0x0000000100000000)
  region size 1024K, 12 young (12288K), 1 survivors (1024K)
 Metaspace       used 32453K, committed 32704K, reserved 1081344K
  class space    used 3700K, committed 3776K, reserved 1048576K
}
Event: 56.107 GC heap after
{Heap after GC invocations=9 (full 0):
 garbage-first heap   total 47104K, used 28598K [0x00000000c1400000, 0x0000000100000000)
  region size 1024K, 2 young (2048K), 2 survivors (2048K)
 Metaspace       used 32453K, committed 32704K, reserved 1081344K
  class space    used 3700K, committed 3776K, reserved 1048576K
}
Event: 56.133 GC heap before
{Heap before GC invocations=9 (full 0):
 garbage-first heap   total 47104K, used 28598K [0x00000000c1400000, 0x0000000100000000)
  region size 1024K, 3 young (3072K), 2 survivors (2048K)
 Metaspace       used 32461K, committed 32704K, reserved 1081344K
  class space    used 3700K, committed 3776K, reserved 1048576K
}
Event: 56.140 GC heap after
{Heap after GC invocations=10 (full 0):
 garbage-first heap   total 47104K, used 28862K [0x00000000c1400000, 0x0000000100000000)
  region size 1024K, 1 young (1024K), 1 survivors (1024K)
 Metaspace       used 32461K, committed 32704K, reserved 1081344K
  class space    used 3700K, committed 3776K, reserved 1048576K
}
Event: 56.150 GC heap before
{Heap before GC invocations=10 (full 0):
 garbage-first heap   total 47104K, used 28862K [0x00000000c1400000, 0x0000000100000000)
  region size 1024K, 1 young (1024K), 1 survivors (1024K)
 Metaspace       used 32461K, committed 32704K, reserved 1081344K
  class space    used 3700K, committed 3776K, reserved 1048576K
}
Event: 56.151 GC heap after
{Heap after GC invocations=11 (full 0):
 garbage-first heap   total 47104K, used 28721K [0x00000000c1400000, 0x0000000100000000)
  region size 1024K, 1 young (1024K), 1 survivors (1024K)
 Metaspace       used 32461K, committed 32704K, reserved 1081344K
  class space    used 3700K, committed 3776K, reserved 1048576K
}
Event: 91.955 GC heap before
{Heap before GC invocations=12 (full 0):
 garbage-first heap   total 78848K, used 50225K [0x00000000c1400000, 0x0000000100000000)
  region size 1024K, 6 young (6144K), 1 survivors (1024K)
 Metaspace       used 32608K, committed 32896K, reserved 1081344K
  class space    used 3701K, committed 3840K, reserved 1048576K
}
Event: 91.965 GC heap after
{Heap after GC invocations=13 (full 0):
 garbage-first heap   total 78848K, used 46847K [0x00000000c1400000, 0x0000000100000000)
  region size 1024K, 1 young (1024K), 1 survivors (1024K)
 Metaspace       used 32608K, committed 32896K, reserved 1081344K
  class space    used 3701K, committed 3840K, reserved 1048576K
}
Event: 148.780 GC heap before
{Heap before GC invocations=14 (full 0):
 garbage-first heap   total 109568K, used 68351K [0x00000000c1400000, 0x0000000100000000)
  region size 1024K, 6 young (6144K), 1 survivors (1024K)
 Metaspace       used 32846K, committed 33088K, reserved 1081344K
  class space    used 3714K, committed 3840K, reserved 1048576K
}

