# JRE version: OpenJDK Runtime Environment Temurin-17.0.1+12 (17.0.1+12) (build 17.0.1+12)
# Java VM: OpenJDK 64-Bit Server VM Temurin-17.0.1+12 (17.0.1+12, mixed mode, tiered, compressed oops, compressed class ptrs, g1 gc, windows-amd64)
GC Precious Log:
 CPUs: 4 total, 4 available
 Memory: 4013M
 Large Page Support: Disabled
 NUMA Support: Disabled
 Compressed Oops: Enabled (32-bit)
 Heap Region Size: 1M
 Heap Min Capacity: 8M
 Heap Initial Capacity: 64M
 Heap Max Capacity: 1004M
 Pre-touch: Disabled
 Parallel Workers: 4
 Concurrent Workers: 1
 Concurrent Refinement Workers: 4
 Periodic GC: Disabled
Heap:
 garbage-first heap   total 81920K, used 46859K [0x00000000c1400000, 0x0000000100000000)
  region size 1024K, 3 young (3072K), 3 survivors (3072K)
 Metaspace       used 32559K, committed 32768K, reserved 1081344K
  class space    used 3707K, committed 3840K, reserved 1048576K
GC Heap History (20 events):
Event: 1.213 GC heap before
{Heap before GC invocations=0 (full 0):
 garbage-first heap   total 65536K, used 13312K [0x00000000c1400000, 0x0000000100000000)
  region size 1024K, 13 young (13312K), 0 survivors (0K)
 Metaspace       used 11799K, committed 11904K, reserved 1064960K
  class space    used 1113K, committed 1152K, reserved 1048576K
}
Event: 1.221 GC heap after
{Heap after GC invocations=1 (full 0):
 garbage-first heap   total 65536K, used 4413K [0x00000000c1400000, 0x0000000100000000)
  region size 1024K, 2 young (2048K), 2 survivors (2048K)
 Metaspace       used 11799K, committed 11904K, reserved 1064960K
  class space    used 1113K, committed 1152K, reserved 1048576K
}
Event: 1.773 GC heap before
{Heap before GC invocations=1 (full 0):
 garbage-first heap   total 65536K, used 15677K [0x00000000c1400000, 0x0000000100000000)
  region size 1024K, 13 young (13312K), 2 survivors (2048K)
 Metaspace       used 15906K, committed 16128K, reserved 1064960K
  class space    used 1573K, committed 1664K, reserved 1048576K
}
Event: 1.777 GC heap after
{Heap after GC invocations=2 (full 0):
 garbage-first heap   total 65536K, used 5934K [0x00000000c1400000, 0x0000000100000000)
  region size 1024K, 2 young (2048K), 2 survivors (2048K)
 Metaspace       used 15906K, committed 16128K, reserved 1064960K
  class space    used 1573K, committed 1664K, reserved 1048576K
}
Event: 2.672 GC heap before
{Heap before GC invocations=2 (full 0):
 garbage-first heap   total 65536K, used 22318K [0x00000000c1400000, 0x0000000100000000)
  region size 1024K, 19 young (19456K), 2 survivors (2048K)
 Metaspace       used 21305K, committed 21504K, reserved 1073152K
  class space    used 2271K, committed 2368K, reserved 1048576K
}
Event: 2.677 GC heap after
{Heap after GC invocations=3 (full 0):
 garbage-first heap   total 65536K, used 7499K [0x00000000c1400000, 0x0000000100000000)
  region size 1024K, 3 young (3072K), 3 survivors (3072K)
 Metaspace       used 21305K, committed 21504K, reserved 1073152K
  class space    used 2271K, committed 2368K, reserved 1048576K
}
Event: 3.211 GC heap before
{Heap before GC invocations=4 (full 0):
 garbage-first heap   total 30720K, used 21835K [0x00000000c1400000, 0x0000000100000000)
  region size 1024K, 18 young (18432K), 3 survivors (3072K)
 Metaspace       used 25950K, committed 26176K, reserved 1073152K
  class space    used 2824K, committed 2944K, reserved 1048576K
}
Event: 3.217 GC heap after
{Heap after GC invocations=5 (full 0):
 garbage-first heap   total 30720K, used 9508K [0x00000000c1400000, 0x0000000100000000)
  region size 1024K, 4 young (4096K), 4 survivors (4096K)
 Metaspace       used 25950K, committed 26176K, reserved 1073152K
  class space    used 2824K, committed 2944K, reserved 1048576K
}
Event: 3.251 GC heap before
{Heap before GC invocations=5 (full 0):
 garbage-first heap   total 30720K, used 10532K [0x00000000c1400000, 0x0000000100000000)
  region size 1024K, 5 young (5120K), 4 survivors (4096K)
 Metaspace       used 26190K, committed 26432K, reserved 1073152K
  class space    used 2867K, committed 3008K, reserved 1048576K
}
Event: 3.254 GC heap after
{Heap after GC invocations=6 (full 0):
 garbage-first heap   total 30720K, used 9596K [0x00000000c1400000, 0x0000000100000000)
  region size 1024K, 1 young (1024K), 1 survivors (1024K)
 Metaspace       used 26190K, committed 26432K, reserved 1073152K
  class space    used 2867K, committed 3008K, reserved 1048576K
}
Event: 4.448 GC heap before
{Heap before GC invocations=6 (full 0):
 garbage-first heap   total 30720K, used 19836K [0x00000000c1400000, 0x0000000100000000)
  region size 1024K, 11 young (11264K), 1 survivors (1024K)
 Metaspace       used 28973K, committed 29248K, reserved 1081344K
  class space    used 3248K, committed 3392K, reserved 1048576K
}
Event: 4.450 GC heap after
{Heap after GC invocations=7 (full 0):
 garbage-first heap   total 30720K, used 9899K [0x00000000c1400000, 0x0000000100000000)
  region size 1024K, 1 young (1024K), 1 survivors (1024K)
 Metaspace       used 28973K, committed 29248K, reserved 1081344K
  class space    used 3248K, committed 3392K, reserved 1048576K
}
Event: 4.647 GC heap before
{Heap before GC invocations=7 (full 0):
 garbage-first heap   total 30720K, used 12971K [0x00000000c1400000, 0x0000000100000000)
  region size 1024K, 6 young (6144K), 1 survivors (1024K)
 Metaspace       used 30055K, committed 30272K, reserved 1081344K
  class space    used 3416K, committed 3520K, reserved 1048576K
}
Event: 4.650 GC heap after
{Heap after GC invocations=8 (full 0):
 garbage-first heap   total 30720K, used 10094K [0x00000000c1400000, 0x0000000100000000)
  region size 1024K, 1 young (1024K), 1 survivors (1024K)
 Metaspace       used 30055K, committed 30272K, reserved 1081344K
  class space    used 3416K, committed 3520K, reserved 1048576K
}
Event: 26.215 GC heap before
{Heap before GC invocations=8 (full 0):
 garbage-first heap   total 47104K, used 38766K [0x00000000c1400000, 0x0000000100000000)
  region size 1024K, 12 young (12288K), 1 survivors (1024K)
 Metaspace       used 32340K, committed 32640K, reserved 1081344K
  class space    used 3706K, committed 3840K, reserved 1048576K
}
Event: 26.217 GC heap after
{Heap after GC invocations=9 (full 0):
 garbage-first heap   total 62464K, used 28609K [0x00000000c1400000, 0x0000000100000000)
  region size 1024K, 2 young (2048K), 2 survivors (2048K)
 Metaspace       used 32340K, committed 32640K, reserved 1081344K
  class space    used 3706K, committed 3840K, reserved 1048576K
}
Event: 26.227 GC heap before
{Heap before GC invocations=9 (full 0):
 garbage-first heap   total 62464K, used 28609K [0x00000000c1400000, 0x0000000100000000)
  region size 1024K, 3 young (3072K), 2 survivors (2048K)
 Metaspace       used 32346K, committed 32640K, reserved 1081344K
  class space    used 3706K, committed 3840K, reserved 1048576K
}
Event: 26.230 GC heap after
{Heap after GC invocations=10 (full 0):
 garbage-first heap   total 62464K, used 28859K [0x00000000c1400000, 0x0000000100000000)
  region size 1024K, 2 young (2048K), 2 survivors (2048K)
 Metaspace       used 32346K, committed 32640K, reserved 1081344K
  class space    used 3706K, committed 3840K, reserved 1048576K
}
Event: 43.845 GC heap before
{Heap before GC invocations=10 (full 0):
 garbage-first heap   total 78848K, used 50363K [0x00000000c1400000, 0x0000000100000000)
  region size 1024K, 7 young (7168K), 2 survivors (2048K)
 Metaspace       used 32559K, committed 32768K, reserved 1081344K
  class space    used 3707K, committed 3840K, reserved 1048576K
}
Event: 43.850 GC heap after
{Heap after GC invocations=11 (full 0):
 garbage-first heap   total 78848K, used 46859K [0x00000000c1400000, 0x0000000100000000)
  region size 1024K, 3 young (3072K), 3 survivors (3072K)
 Metaspace       used 32559K, committed 32768K, reserved 1081344K
  class space    used 3707K, committed 3840K, reserved 1048576K
}

