# JRE version: OpenJDK Runtime Environment Temurin-17.0.1+12 (17.0.1+12) (build 17.0.1+12)
# Java VM: OpenJDK 64-Bit Server VM Temurin-17.0.1+12 (17.0.1+12, mixed mode, tiered, compressed oops, compressed class ptrs, g1 gc, windows-amd64)
GC Precious Log:
 CPUs: 4 total, 4 available
 Memory: 4013M
 Large Page Support: Disabled
 NUMA Support: Disabled
 Compressed Oops: Enabled (32-bit)
 Heap Region Size: 1M
 Heap Min Capacity: 8M
 Heap Initial Capacity: 64M
 Heap Max Capacity: 1004M
 Pre-touch: Disabled
 Parallel Workers: 4
 Concurrent Workers: 1
 Concurrent Refinement Workers: 4
 Periodic GC: Disabled
Heap:
 garbage-first heap   total 34816K, used 28119K [0x00000000c1400000, 0x0000000100000000)
  region size 1024K, 2 young (2048K), 1 survivors (1024K)
 Metaspace       used 31292K, committed 31488K, reserved 1081344K
  class space    used 3573K, committed 3648K, reserved 1048576K
GC Heap History (16 events):
Event: 18.746 GC heap before
{Heap before GC invocations=0 (full 0):
 garbage-first heap   total 65536K, used 13312K [0x00000000c1400000, 0x0000000100000000)
  region size 1024K, 13 young (13312K), 0 survivors (0K)
 Metaspace       used 11875K, committed 11968K, reserved 1064960K
  class space    used 1120K, committed 1152K, reserved 1048576K
}
Event: 18.818 GC heap after
{Heap after GC invocations=1 (full 0):
 garbage-first heap   total 65536K, used 4605K [0x00000000c1400000, 0x0000000100000000)
  region size 1024K, 2 young (2048K), 2 survivors (2048K)
 Metaspace       used 11875K, committed 11968K, reserved 1064960K
  class space    used 1120K, committed 1152K, reserved 1048576K
}
Event: 29.738 GC heap before
{Heap before GC invocations=1 (full 0):
 garbage-first heap   total 65536K, used 17917K [0x00000000c1400000, 0x0000000100000000)
  region size 1024K, 15 young (15360K), 2 survivors (2048K)
 Metaspace       used 17300K, committed 17536K, reserved 1064960K
  class space    used 1756K, committed 1856K, reserved 1048576K
}
Event: 29.745 GC heap after
{Heap after GC invocations=2 (full 0):
 garbage-first heap   total 65536K, used 6179K [0x00000000c1400000, 0x0000000100000000)
  region size 1024K, 2 young (2048K), 2 survivors (2048K)
 Metaspace       used 17300K, committed 17536K, reserved 1064960K
  class space    used 1756K, committed 1856K, reserved 1048576K
}
Event: 37.334 GC heap before
{Heap before GC invocations=2 (full 0):
 garbage-first heap   total 65536K, used 17443K [0x00000000c1400000, 0x0000000100000000)
  region size 1024K, 14 young (14336K), 2 survivors (2048K)
 Metaspace       used 21267K, committed 21504K, reserved 1073152K
  class space    used 2268K, committed 2432K, reserved 1048576K
}
Event: 37.358 GC heap after
{Heap after GC invocations=3 (full 0):
 garbage-first heap   total 65536K, used 7389K [0x00000000c1400000, 0x0000000100000000)
  region size 1024K, 2 young (2048K), 2 survivors (2048K)
 Metaspace       used 21267K, committed 21504K, reserved 1073152K
  class space    used 2268K, committed 2432K, reserved 1048576K
}
Event: 49.038 GC heap before
{Heap before GC invocations=4 (full 0):
 garbage-first heap   total 34816K, used 22749K [0x00000000c1400000, 0x0000000100000000)
  region size 1024K, 19 young (19456K), 2 survivors (2048K)
 Metaspace       used 26358K, committed 26624K, reserved 1073152K
  class space    used 2898K, committed 3008K, reserved 1048576K
}
Event: 49.045 GC heap after
{Heap after GC invocations=5 (full 0):
 garbage-first heap   total 34816K, used 9398K [0x00000000c1400000, 0x0000000100000000)
  region size 1024K, 3 young (3072K), 3 survivors (3072K)
 Metaspace       used 26358K, committed 26624K, reserved 1073152K
  class space    used 2898K, committed 3008K, reserved 1048576K
}
Event: 61.620 GC heap before
{Heap before GC invocations=5 (full 0):
 garbage-first heap   total 34816K, used 20662K [0x00000000c1400000, 0x0000000100000000)
  region size 1024K, 14 young (14336K), 3 survivors (3072K)
 Metaspace       used 29291K, committed 29632K, reserved 1081344K
  class space    used 3287K, committed 3456K, reserved 1048576K
}
Event: 61.628 GC heap after
{Heap after GC invocations=6 (full 0):
 garbage-first heap   total 34816K, used 10218K [0x00000000c1400000, 0x0000000100000000)
  region size 1024K, 1 young (1024K), 1 survivors (1024K)
 Metaspace       used 29291K, committed 29632K, reserved 1081344K
  class space    used 3287K, committed 3456K, reserved 1048576K
}
Event: 63.065 GC heap before
{Heap before GC invocations=6 (full 0):
 garbage-first heap   total 34816K, used 11242K [0x00000000c1400000, 0x0000000100000000)
  region size 1024K, 4 young (4096K), 1 survivors (1024K)
 Metaspace       used 29934K, committed 30208K, reserved 1081344K
  class space    used 3394K, committed 3520K, reserved 1048576K
}
Event: 63.067 GC heap after
{Heap after GC invocations=7 (full 0):
 garbage-first heap   total 34816K, used 10252K [0x00000000c1400000, 0x0000000100000000)
  region size 1024K, 1 young (1024K), 1 survivors (1024K)
 Metaspace       used 29934K, committed 30208K, reserved 1081344K
  class space    used 3394K, committed 3520K, reserved 1048576K
}
Event: 92.314 GC heap before
{Heap before GC invocations=7 (full 0):
 garbage-first heap   total 34816K, used 29708K [0x00000000c1400000, 0x0000000100000000)
  region size 1024K, 4 young (4096K), 1 survivors (1024K)
 Metaspace       used 30733K, committed 30976K, reserved 1081344K
  class space    used 3519K, committed 3648K, reserved 1048576K
}
Event: 92.317 GC heap after
{Heap after GC invocations=8 (full 0):
 garbage-first heap   total 34816K, used 27785K [0x00000000c1400000, 0x0000000100000000)
  region size 1024K, 1 young (1024K), 1 survivors (1024K)
 Metaspace       used 30733K, committed 30976K, reserved 1081344K
  class space    used 3519K, committed 3648K, reserved 1048576K
}
Event: 92.457 GC heap before
{Heap before GC invocations=8 (full 0):
 garbage-first heap   total 34816K, used 28809K [0x00000000c1400000, 0x0000000100000000)
  region size 1024K, 2 young (2048K), 1 survivors (1024K)
 Metaspace       used 31287K, committed 31488K, reserved 1081344K
  class space    used 3572K, committed 3648K, reserved 1048576K
}
Event: 92.459 GC heap after
{Heap after GC invocations=9 (full 0):
 garbage-first heap   total 34816K, used 28119K [0x00000000c1400000, 0x0000000100000000)
  region size 1024K, 1 young (1024K), 1 survivors (1024K)
 Metaspace       used 31287K, committed 31488K, reserved 1081344K
  class space    used 3572K, committed 3648K, reserved 1048576K
}

