# JRE version: OpenJDK Runtime Environment Temurin-17.0.1+12 (17.0.1+12) (build 17.0.1+12)
# Java VM: OpenJDK 64-Bit Server VM Temurin-17.0.1+12 (17.0.1+12, mixed mode, tiered, compressed oops, compressed class ptrs, g1 gc, windows-amd64)
GC Precious Log:
 CPUs: 4 total, 4 available
 Memory: 4013M
 Large Page Support: Disabled
 NUMA Support: Disabled
 Compressed Oops: Enabled (32-bit)
 Heap Region Size: 1M
 Heap Min Capacity: 8M
 Heap Initial Capacity: 64M
 Heap Max Capacity: 1004M
 Pre-touch: Disabled
 Parallel Workers: 4
 Concurrent Workers: 1
 Concurrent Refinement Workers: 4
 Periodic GC: Disabled
Heap:
 garbage-first heap   total 46080K, used 31910K [0x00000000c1400000, 0x0000000100000000)
  region size 1024K, 6 young (6144K), 2 survivors (2048K)
 Metaspace       used 32823K, committed 33088K, reserved 1081344K
  class space    used 3767K, committed 3904K, reserved 1048576K
GC Heap History (14 events):
Event: 1.898 GC heap before
{Heap before GC invocations=0 (full 0):
 garbage-first heap   total 65536K, used 13312K [0x00000000c1400000, 0x0000000100000000)
  region size 1024K, 13 young (13312K), 0 survivors (0K)
 Metaspace       used 11866K, committed 11968K, reserved 1064960K
  class space    used 1125K, committed 1152K, reserved 1048576K
}
Event: 1.904 GC heap after
{Heap after GC invocations=1 (full 0):
 garbage-first heap   total 65536K, used 4805K [0x00000000c1400000, 0x0000000100000000)
  region size 1024K, 2 young (2048K), 2 survivors (2048K)
 Metaspace       used 11866K, committed 11968K, reserved 1064960K
  class space    used 1125K, committed 1152K, reserved 1048576K
}
Event: 2.875 GC heap before
{Heap before GC invocations=1 (full 0):
 garbage-first heap   total 65536K, used 15045K [0x00000000c1400000, 0x0000000100000000)
  region size 1024K, 13 young (13312K), 2 survivors (2048K)
 Metaspace       used 16825K, committed 17024K, reserved 1064960K
  class space    used 1695K, committed 1792K, reserved 1048576K
}
Event: 2.880 GC heap after
{Heap after GC invocations=2 (full 0):
 garbage-first heap   total 65536K, used 6106K [0x00000000c1400000, 0x0000000100000000)
  region size 1024K, 2 young (2048K), 2 survivors (2048K)
 Metaspace       used 16825K, committed 17024K, reserved 1064960K
  class space    used 1695K, committed 1792K, reserved 1048576K
}
Event: 3.539 GC heap before
{Heap before GC invocations=2 (full 0):
 garbage-first heap   total 65536K, used 19418K [0x00000000c1400000, 0x0000000100000000)
  region size 1024K, 16 young (16384K), 2 survivors (2048K)
 Metaspace       used 21254K, committed 21504K, reserved 1073152K
  class space    used 2280K, committed 2432K, reserved 1048576K
}
Event: 3.543 GC heap after
{Heap after GC invocations=3 (full 0):
 garbage-first heap   total 65536K, used 7381K [0x00000000c1400000, 0x0000000100000000)
  region size 1024K, 3 young (3072K), 3 survivors (3072K)
 Metaspace       used 21254K, committed 21504K, reserved 1073152K
  class space    used 2280K, committed 2432K, reserved 1048576K
}
Event: 3.930 GC heap before
{Heap before GC invocations=4 (full 0):
 garbage-first heap   total 30720K, used 21717K [0x00000000c1400000, 0x0000000100000000)
  region size 1024K, 18 young (18432K), 3 survivors (3072K)
 Metaspace       used 25789K, committed 25984K, reserved 1073152K
  class space    used 2814K, committed 2880K, reserved 1048576K
}
Event: 3.934 GC heap after
{Heap after GC invocations=5 (full 0):
 garbage-first heap   total 30720K, used 9334K [0x00000000c1400000, 0x0000000100000000)
  region size 1024K, 4 young (4096K), 4 survivors (4096K)
 Metaspace       used 25789K, committed 25984K, reserved 1073152K
  class space    used 2814K, committed 2880K, reserved 1048576K
}
Event: 4.893 GC heap before
{Heap before GC invocations=5 (full 0):
 garbage-first heap   total 30720K, used 18550K [0x00000000c1400000, 0x0000000100000000)
  region size 1024K, 13 young (13312K), 4 survivors (4096K)
 Metaspace       used 28357K, committed 28544K, reserved 1081344K
  class space    used 3185K, committed 3264K, reserved 1048576K
}
Event: 4.897 GC heap after
{Heap after GC invocations=6 (full 0):
 garbage-first heap   total 30720K, used 10027K [0x00000000c1400000, 0x0000000100000000)
  region size 1024K, 1 young (1024K), 1 survivors (1024K)
 Metaspace       used 28357K, committed 28544K, reserved 1081344K
  class space    used 3185K, committed 3264K, reserved 1048576K
}
Event: 5.128 GC heap before
{Heap before GC invocations=6 (full 0):
 garbage-first heap   total 30720K, used 15147K [0x00000000c1400000, 0x0000000100000000)
  region size 1024K, 7 young (7168K), 1 survivors (1024K)
 Metaspace       used 29829K, committed 30080K, reserved 1081344K
  class space    used 3395K, committed 3520K, reserved 1048576K
}
Event: 5.130 GC heap after
{Heap after GC invocations=7 (full 0):
 garbage-first heap   total 30720K, used 10191K [0x00000000c1400000, 0x0000000100000000)
  region size 1024K, 1 young (1024K), 1 survivors (1024K)
 Metaspace       used 29829K, committed 30080K, reserved 1081344K
  class space    used 3395K, committed 3520K, reserved 1048576K
}
Event: 21.193 GC heap before
{Heap before GC invocations=7 (full 0):
 garbage-first heap   total 46080K, used 37839K [0x00000000c1400000, 0x0000000100000000)
  region size 1024K, 12 young (12288K), 1 survivors (1024K)
 Metaspace       used 32460K, committed 32768K, reserved 1081344K
  class space    used 3720K, committed 3840K, reserved 1048576K
}
Event: 21.203 GC heap after
{Heap after GC invocations=8 (full 0):
 garbage-first heap   total 46080K, used 28838K [0x00000000c1400000, 0x0000000100000000)
  region size 1024K, 2 young (2048K), 2 survivors (2048K)
 Metaspace       used 32460K, committed 32768K, reserved 1081344K
  class space    used 3720K, committed 3840K, reserved 1048576K
}

