# JRE version: OpenJDK Runtime Environment Temurin-17.0.1+12 (17.0.1+12) (build 17.0.1+12)
# Java VM: OpenJDK 64-Bit Server VM Temurin-17.0.1+12 (17.0.1+12, mixed mode, tiered, compressed oops, compressed class ptrs, g1 gc, windows-amd64)
GC Precious Log:
 CPUs: 4 total, 4 available
 Memory: 4013M
 Large Page Support: Disabled
 NUMA Support: Disabled
 Compressed Oops: Enabled (32-bit)
 Heap Region Size: 1M
 Heap Min Capacity: 8M
 Heap Initial Capacity: 64M
 Heap Max Capacity: 1004M
 Pre-touch: Disabled
 Parallel Workers: 4
 Concurrent Workers: 1
 Concurrent Refinement Workers: 4
 Periodic GC: Disabled
Heap:
 garbage-first heap   total 40960K, used 31624K [0x00000000c1400000, 0x0000000100000000)
  region size 1024K, 6 young (6144K), 1 survivors (1024K)
 Metaspace       used 31284K, committed 31424K, reserved 1081344K
  class space    used 3590K, committed 3648K, reserved 1048576K
GC Heap History (14 events):
Event: 1.729 GC heap before
{Heap before GC invocations=0 (full 0):
 garbage-first heap   total 65536K, used 13312K [0x00000000c1400000, 0x0000000100000000)
  region size 1024K, 13 young (13312K), 0 survivors (0K)
 Metaspace       used 12104K, committed 12224K, reserved 1064960K
  class space    used 1136K, committed 1152K, reserved 1048576K
}
Event: 1.735 GC heap after
{Heap after GC invocations=1 (full 0):
 garbage-first heap   total 65536K, used 4337K [0x00000000c1400000, 0x0000000100000000)
  region size 1024K, 2 young (2048K), 2 survivors (2048K)
 Metaspace       used 12104K, committed 12224K, reserved 1064960K
  class space    used 1136K, committed 1152K, reserved 1048576K
}
Event: 2.165 GC heap before
{Heap before GC invocations=1 (full 0):
 garbage-first heap   total 65536K, used 14577K [0x00000000c1400000, 0x0000000100000000)
  region size 1024K, 13 young (13312K), 2 survivors (2048K)
 Metaspace       used 16563K, committed 16768K, reserved 1064960K
  class space    used 1655K, committed 1728K, reserved 1048576K
}
Event: 2.170 GC heap after
{Heap after GC invocations=2 (full 0):
 garbage-first heap   total 65536K, used 6054K [0x00000000c1400000, 0x0000000100000000)
  region size 1024K, 2 young (2048K), 2 survivors (2048K)
 Metaspace       used 16563K, committed 16768K, reserved 1064960K
  class space    used 1655K, committed 1728K, reserved 1048576K
}
Event: 5.116 GC heap before
{Heap before GC invocations=2 (full 0):
 garbage-first heap   total 65536K, used 20390K [0x00000000c1400000, 0x0000000100000000)
  region size 1024K, 17 young (17408K), 2 survivors (2048K)
 Metaspace       used 21326K, committed 21504K, reserved 1073152K
  class space    used 2293K, committed 2368K, reserved 1048576K
}
Event: 5.120 GC heap after
{Heap after GC invocations=3 (full 0):
 garbage-first heap   total 65536K, used 7452K [0x00000000c1400000, 0x0000000100000000)
  region size 1024K, 3 young (3072K), 3 survivors (3072K)
 Metaspace       used 21326K, committed 21504K, reserved 1073152K
  class space    used 2293K, committed 2368K, reserved 1048576K
}
Event: 5.560 GC heap before
{Heap before GC invocations=4 (full 0):
 garbage-first heap   total 30720K, used 21788K [0x00000000c1400000, 0x0000000100000000)
  region size 1024K, 18 young (18432K), 3 survivors (3072K)
 Metaspace       used 25984K, committed 26176K, reserved 1073152K
  class space    used 2847K, committed 2944K, reserved 1048576K
}
Event: 5.564 GC heap after
{Heap after GC invocations=5 (full 0):
 garbage-first heap   total 30720K, used 9178K [0x00000000c1400000, 0x0000000100000000)
  region size 1024K, 3 young (3072K), 3 survivors (3072K)
 Metaspace       used 25984K, committed 26176K, reserved 1073152K
  class space    used 2847K, committed 2944K, reserved 1048576K
}
Event: 5.601 GC heap before
{Heap before GC invocations=5 (full 0):
 garbage-first heap   total 30720K, used 10202K [0x00000000c1400000, 0x0000000100000000)
  region size 1024K, 4 young (4096K), 3 survivors (3072K)
 Metaspace       used 26213K, committed 26496K, reserved 1073152K
  class space    used 2893K, committed 3008K, reserved 1048576K
}
Event: 5.605 GC heap after
{Heap after GC invocations=6 (full 0):
 garbage-first heap   total 30720K, used 9705K [0x00000000c1400000, 0x0000000100000000)
  region size 1024K, 1 young (1024K), 1 survivors (1024K)
 Metaspace       used 26213K, committed 26496K, reserved 1073152K
  class space    used 2893K, committed 3008K, reserved 1048576K
}
Event: 6.277 GC heap before
{Heap before GC invocations=6 (full 0):
 garbage-first heap   total 30720K, used 19945K [0x00000000c1400000, 0x0000000100000000)
  region size 1024K, 11 young (11264K), 1 survivors (1024K)
 Metaspace       used 28983K, committed 29248K, reserved 1081344K
  class space    used 3267K, committed 3392K, reserved 1048576K
}
Event: 6.280 GC heap after
{Heap after GC invocations=7 (full 0):
 garbage-first heap   total 40960K, used 9925K [0x00000000c1400000, 0x0000000100000000)
  region size 1024K, 1 young (1024K), 1 survivors (1024K)
 Metaspace       used 28983K, committed 29248K, reserved 1081344K
  class space    used 3267K, committed 3392K, reserved 1048576K
}
Event: 6.372 GC heap before
{Heap before GC invocations=7 (full 0):
 garbage-first heap   total 40960K, used 12997K [0x00000000c1400000, 0x0000000100000000)
  region size 1024K, 5 young (5120K), 1 survivors (1024K)
 Metaspace       used 29896K, committed 30144K, reserved 1081344K
  class space    used 3407K, committed 3520K, reserved 1048576K
}
Event: 6.374 GC heap after
{Heap after GC invocations=8 (full 0):
 garbage-first heap   total 40960K, used 10120K [0x00000000c1400000, 0x0000000100000000)
  region size 1024K, 1 young (1024K), 1 survivors (1024K)
 Metaspace       used 29896K, committed 30144K, reserved 1081344K
  class space    used 3407K, committed 3520K, reserved 1048576K
}

