# JRE version: OpenJDK Runtime Environment Temurin-17.0.1+12 (17.0.1+12) (build 17.0.1+12)
# Java VM: OpenJDK 64-Bit Server VM Temurin-17.0.1+12 (17.0.1+12, mixed mode, tiered, compressed oops, compressed class ptrs, g1 gc, windows-amd64)
GC Precious Log:
 CPUs: 4 total, 4 available
 Memory: 4013M
 Large Page Support: Disabled
 NUMA Support: Disabled
 Compressed Oops: Enabled (32-bit)
 Heap Region Size: 1M
 Heap Min Capacity: 8M
 Heap Initial Capacity: 64M
 Heap Max Capacity: 1004M
 Pre-touch: Disabled
 Parallel Workers: 4
 Concurrent Workers: 1
 Concurrent Refinement Workers: 4
 Periodic GC: Disabled
Heap:
 garbage-first heap   total 48128K, used 27404K [0x00000000c1400000, 0x0000000100000000)
  region size 1024K, 2 young (2048K), 1 survivors (1024K)
 Metaspace       used 29853K, committed 30080K, reserved 1081344K
  class space    used 3401K, committed 3520K, reserved 1048576K
GC Heap History (14 events):
Event: 1.518 GC heap before
{Heap before GC invocations=0 (full 0):
 garbage-first heap   total 65536K, used 13312K [0x00000000c1400000, 0x0000000100000000)
  region size 1024K, 13 young (13312K), 0 survivors (0K)
 Metaspace       used 12194K, committed 12416K, reserved 1064960K
  class space    used 1151K, committed 1280K, reserved 1048576K
}
Event: 1.522 GC heap after
{Heap after GC invocations=1 (full 0):
 garbage-first heap   total 65536K, used 4581K [0x00000000c1400000, 0x0000000100000000)
  region size 1024K, 2 young (2048K), 2 survivors (2048K)
 Metaspace       used 12194K, committed 12416K, reserved 1064960K
  class space    used 1151K, committed 1280K, reserved 1048576K
}
Event: 2.350 GC heap before
{Heap before GC invocations=1 (full 0):
 garbage-first heap   total 65536K, used 15845K [0x00000000c1400000, 0x0000000100000000)
  region size 1024K, 13 young (13312K), 2 survivors (2048K)
 Metaspace       used 16853K, committed 17088K, reserved 1064960K
  class space    used 1702K, committed 1856K, reserved 1048576K
}
Event: 2.355 GC heap after
{Heap after GC invocations=2 (full 0):
 garbage-first heap   total 65536K, used 6144K [0x00000000c1400000, 0x0000000100000000)
  region size 1024K, 2 young (2048K), 2 survivors (2048K)
 Metaspace       used 16853K, committed 17088K, reserved 1064960K
  class space    used 1702K, committed 1856K, reserved 1048576K
}
Event: 3.133 GC heap before
{Heap before GC invocations=2 (full 0):
 garbage-first heap   total 65536K, used 19456K [0x00000000c1400000, 0x0000000100000000)
  region size 1024K, 16 young (16384K), 2 survivors (2048K)
 Metaspace       used 21303K, committed 21504K, reserved 1073152K
  class space    used 2286K, committed 2432K, reserved 1048576K
}
Event: 3.137 GC heap after
{Heap after GC invocations=3 (full 0):
 garbage-first heap   total 65536K, used 7429K [0x00000000c1400000, 0x0000000100000000)
  region size 1024K, 3 young (3072K), 3 survivors (3072K)
 Metaspace       used 21303K, committed 21504K, reserved 1073152K
  class space    used 2286K, committed 2432K, reserved 1048576K
}
Event: 3.756 GC heap before
{Heap before GC invocations=4 (full 0):
 garbage-first heap   total 30720K, used 21765K [0x00000000c1400000, 0x0000000100000000)
  region size 1024K, 18 young (18432K), 3 survivors (3072K)
 Metaspace       used 25734K, committed 25920K, reserved 1073152K
  class space    used 2811K, committed 2880K, reserved 1048576K
}
Event: 3.765 GC heap after
{Heap after GC invocations=5 (full 0):
 garbage-first heap   total 30720K, used 9238K [0x00000000c1400000, 0x0000000100000000)
  region size 1024K, 4 young (4096K), 4 survivors (4096K)
 Metaspace       used 25734K, committed 25920K, reserved 1073152K
  class space    used 2811K, committed 2880K, reserved 1048576K
}
Event: 3.804 GC heap before
{Heap before GC invocations=5 (full 0):
 garbage-first heap   total 30720K, used 10262K [0x00000000c1400000, 0x0000000100000000)
  region size 1024K, 5 young (5120K), 4 survivors (4096K)
 Metaspace       used 25985K, committed 26176K, reserved 1073152K
  class space    used 2861K, committed 2944K, reserved 1048576K
}
Event: 3.808 GC heap after
{Heap after GC invocations=6 (full 0):
 garbage-first heap   total 30720K, used 9580K [0x00000000c1400000, 0x0000000100000000)
  region size 1024K, 1 young (1024K), 1 survivors (1024K)
 Metaspace       used 25985K, committed 26176K, reserved 1073152K
  class space    used 2861K, committed 2944K, reserved 1048576K
}
Event: 4.471 GC heap before
{Heap before GC invocations=6 (full 0):
 garbage-first heap   total 30720K, used 18796K [0x00000000c1400000, 0x0000000100000000)
  region size 1024K, 11 young (11264K), 1 survivors (1024K)
 Metaspace       used 28776K, committed 28992K, reserved 1081344K
  class space    used 3238K, committed 3328K, reserved 1048576K
}
Event: 4.474 GC heap after
{Heap after GC invocations=7 (full 0):
 garbage-first heap   total 30720K, used 9755K [0x00000000c1400000, 0x0000000100000000)
  region size 1024K, 1 young (1024K), 1 survivors (1024K)
 Metaspace       used 28776K, committed 28992K, reserved 1081344K
  class space    used 3238K, committed 3328K, reserved 1048576K
}
Event: 4.651 GC heap before
{Heap before GC invocations=7 (full 0):
 garbage-first heap   total 30720K, used 12827K [0x00000000c1400000, 0x0000000100000000)
  region size 1024K, 5 young (5120K), 1 survivors (1024K)
 Metaspace       used 29814K, committed 30080K, reserved 1081344K
  class space    used 3396K, committed 3520K, reserved 1048576K
}
Event: 4.653 GC heap after
{Heap after GC invocations=8 (full 0):
 garbage-first heap   total 30720K, used 9996K [0x00000000c1400000, 0x0000000100000000)
  region size 1024K, 1 young (1024K), 1 survivors (1024K)
 Metaspace       used 29814K, committed 30080K, reserved 1081344K
  class space    used 3396K, committed 3520K, reserved 1048576K
}

