# JRE version: OpenJDK Runtime Environment Temurin-17.0.1+12 (17.0.1+12) (build 17.0.1+12)
# Java VM: OpenJDK 64-Bit Server VM Temurin-17.0.1+12 (17.0.1+12, mixed mode, tiered, compressed oops, compressed class ptrs, g1 gc, windows-amd64)
GC Precious Log:
 CPUs: 4 total, 4 available
 Memory: 4013M
 Large Page Support: Disabled
 NUMA Support: Disabled
 Compressed Oops: Enabled (32-bit)
 Heap Region Size: 1M
 Heap Min Capacity: 8M
 Heap Initial Capacity: 64M
 Heap Max Capacity: 1004M
 Pre-touch: Disabled
 Parallel Workers: 4
 Concurrent Workers: 1
 Concurrent Refinement Workers: 4
 Periodic GC: Disabled
Heap:
 garbage-first heap   total 50176K, used 28522K [0x00000000c1400000, 0x0000000100000000)
  region size 1024K, 2 young (2048K), 2 survivors (2048K)
 Metaspace       used 32493K, committed 32832K, reserved 1081344K
  class space    used 3737K, committed 3904K, reserved 1048576K
GC Heap History (15 events):
Event: 0.828 GC heap before
{Heap before GC invocations=0 (full 0):
 garbage-first heap   total 65536K, used 13312K [0x00000000c1400000, 0x0000000100000000)
  region size 1024K, 13 young (13312K), 0 survivors (0K)
 Metaspace       used 12046K, committed 12160K, reserved 1064960K
  class space    used 1134K, committed 1152K, reserved 1048576K
}
Event: 0.832 GC heap after
{Heap after GC invocations=1 (full 0):
 garbage-first heap   total 65536K, used 4483K [0x00000000c1400000, 0x0000000100000000)
  region size 1024K, 2 young (2048K), 2 survivors (2048K)
 Metaspace       used 12046K, committed 12160K, reserved 1064960K
  class space    used 1134K, committed 1152K, reserved 1048576K
}
Event: 1.307 GC heap before
{Heap before GC invocations=1 (full 0):
 garbage-first heap   total 65536K, used 15747K [0x00000000c1400000, 0x0000000100000000)
  region size 1024K, 13 young (13312K), 2 survivors (2048K)
 Metaspace       used 16578K, committed 16768K, reserved 1064960K
  class space    used 1655K, committed 1728K, reserved 1048576K
}
Event: 1.311 GC heap after
{Heap after GC invocations=2 (full 0):
 garbage-first heap   total 65536K, used 6154K [0x00000000c1400000, 0x0000000100000000)
  region size 1024K, 2 young (2048K), 2 survivors (2048K)
 Metaspace       used 16578K, committed 16768K, reserved 1064960K
  class space    used 1655K, committed 1728K, reserved 1048576K
}
Event: 1.854 GC heap before
{Heap before GC invocations=2 (full 0):
 garbage-first heap   total 65536K, used 19466K [0x00000000c1400000, 0x0000000100000000)
  region size 1024K, 16 young (16384K), 2 survivors (2048K)
 Metaspace       used 21248K, committed 21504K, reserved 1073152K
  class space    used 2275K, committed 2432K, reserved 1048576K
}
Event: 1.857 GC heap after
{Heap after GC invocations=3 (full 0):
 garbage-first heap   total 65536K, used 7456K [0x00000000c1400000, 0x0000000100000000)
  region size 1024K, 3 young (3072K), 3 survivors (3072K)
 Metaspace       used 21248K, committed 21504K, reserved 1073152K
  class space    used 2275K, committed 2432K, reserved 1048576K
}
Event: 2.274 GC heap before
{Heap before GC invocations=4 (full 0):
 garbage-first heap   total 30720K, used 20768K [0x00000000c1400000, 0x0000000100000000)
  region size 1024K, 17 young (17408K), 3 survivors (3072K)
 Metaspace       used 25548K, committed 25728K, reserved 1073152K
  class space    used 2774K, committed 2880K, reserved 1048576K
}
Event: 2.281 GC heap after
{Heap after GC invocations=5 (full 0):
 garbage-first heap   total 30720K, used 9190K [0x00000000c1400000, 0x0000000100000000)
  region size 1024K, 4 young (4096K), 4 survivors (4096K)
 Metaspace       used 25548K, committed 25728K, reserved 1073152K
  class space    used 2774K, committed 2880K, reserved 1048576K
}
Event: 2.310 GC heap before
{Heap before GC invocations=5 (full 0):
 garbage-first heap   total 30720K, used 9190K [0x00000000c1400000, 0x0000000100000000)
  region size 1024K, 5 young (5120K), 4 survivors (4096K)
 Metaspace       used 25784K, committed 25920K, reserved 1073152K
  class space    used 2810K, committed 2880K, reserved 1048576K
}
Event: 2.315 GC heap after
{Heap after GC invocations=6 (full 0):
 garbage-first heap   total 30720K, used 9438K [0x00000000c1400000, 0x0000000100000000)
  region size 1024K, 1 young (1024K), 1 survivors (1024K)
 Metaspace       used 25784K, committed 25920K, reserved 1073152K
  class space    used 2810K, committed 2880K, reserved 1048576K
}
Event: 3.490 GC heap before
{Heap before GC invocations=6 (full 0):
 garbage-first heap   total 30720K, used 18654K [0x00000000c1400000, 0x0000000100000000)
  region size 1024K, 11 young (11264K), 1 survivors (1024K)
 Metaspace       used 28597K, committed 28800K, reserved 1081344K
  class space    used 3210K, committed 3328K, reserved 1048576K
}
Event: 3.493 GC heap after
{Heap after GC invocations=7 (full 0):
 garbage-first heap   total 30720K, used 9787K [0x00000000c1400000, 0x0000000100000000)
  region size 1024K, 1 young (1024K), 1 survivors (1024K)
 Metaspace       used 28597K, committed 28800K, reserved 1081344K
  class space    used 3210K, committed 3328K, reserved 1048576K
}
Event: 3.731 GC heap before
{Heap before GC invocations=7 (full 0):
 garbage-first heap   total 30720K, used 13883K [0x00000000c1400000, 0x0000000100000000)
  region size 1024K, 6 young (6144K), 1 survivors (1024K)
 Metaspace       used 29872K, committed 30144K, reserved 1081344K
  class space    used 3395K, committed 3520K, reserved 1048576K
}
Event: 3.734 GC heap after
{Heap after GC invocations=8 (full 0):
 garbage-first heap   total 30720K, used 10037K [0x00000000c1400000, 0x0000000100000000)
  region size 1024K, 1 young (1024K), 1 survivors (1024K)
 Metaspace       used 29872K, committed 30144K, reserved 1081344K
  class space    used 3395K, committed 3520K, reserved 1048576K
}
Event: 42.178 GC heap before
{Heap before GC invocations=8 (full 0):
 garbage-first heap   total 47104K, used 38709K [0x00000000c1400000, 0x0000000100000000)
  region size 1024K, 12 young (12288K), 1 survivors (1024K)
 Metaspace       used 32493K, committed 32832K, reserved 1081344K
  class space    used 3737K, committed 3904K, reserved 1048576K
}

