# JRE version: OpenJDK Runtime Environment Temurin-17.0.1+12 (17.0.1+12) (build 17.0.1+12)
# Java VM: OpenJDK 64-Bit Server VM Temurin-17.0.1+12 (17.0.1+12, mixed mode, tiered, compressed oops, compressed class ptrs, g1 gc, windows-amd64)
GC Precious Log:
 CPUs: 4 total, 4 available
 Memory: 4013M
 Large Page Support: Disabled
 NUMA Support: Disabled
 Compressed Oops: Enabled (32-bit)
 Heap Region Size: 1M
 Heap Min Capacity: 8M
 Heap Initial Capacity: 64M
 Heap Max Capacity: 1004M
 Pre-touch: Disabled
 Parallel Workers: 4
 Concurrent Workers: 1
 Concurrent Refinement Workers: 4
 Periodic GC: Disabled
Heap:
 garbage-first heap   total 65536K, used 45967K [0x00000000c1400000, 0x0000000100000000)
  region size 1024K, 1 young (1024K), 0 survivors (0K)
 Metaspace       used 32352K, committed 32640K, reserved 1081344K
  class space    used 3704K, committed 3840K, reserved 1048576K
GC Heap History (16 events):
Event: 6.533 GC heap before
{Heap before GC invocations=0 (full 0):
 garbage-first heap   total 65536K, used 13312K [0x00000000c1400000, 0x0000000100000000)
  region size 1024K, 13 young (13312K), 0 survivors (0K)
 Metaspace       used 11801K, committed 11904K, reserved 1064960K
  class space    used 1112K, committed 1152K, reserved 1048576K
}
Event: 6.552 GC heap after
{Heap after GC invocations=1 (full 0):
 garbage-first heap   total 65536K, used 4620K [0x00000000c1400000, 0x0000000100000000)
  region size 1024K, 2 young (2048K), 2 survivors (2048K)
 Metaspace       used 11801K, committed 11904K, reserved 1064960K
  class space    used 1112K, committed 1152K, reserved 1048576K
}
Event: 9.827 GC heap before
{Heap before GC invocations=1 (full 0):
 garbage-first heap   total 65536K, used 17932K [0x00000000c1400000, 0x0000000100000000)
  region size 1024K, 15 young (15360K), 2 survivors (2048K)
 Metaspace       used 17266K, committed 17472K, reserved 1064960K
  class space    used 1752K, committed 1856K, reserved 1048576K
}
Event: 9.841 GC heap after
{Heap after GC invocations=2 (full 0):
 garbage-first heap   total 65536K, used 6089K [0x00000000c1400000, 0x0000000100000000)
  region size 1024K, 2 young (2048K), 2 survivors (2048K)
 Metaspace       used 17266K, committed 17472K, reserved 1064960K
  class space    used 1752K, committed 1856K, reserved 1048576K
}
Event: 12.121 GC heap before
{Heap before GC invocations=2 (full 0):
 garbage-first heap   total 65536K, used 17353K [0x00000000c1400000, 0x0000000100000000)
  region size 1024K, 14 young (14336K), 2 survivors (2048K)
 Metaspace       used 21312K, committed 21504K, reserved 1073152K
  class space    used 2281K, committed 2368K, reserved 1048576K
}
Event: 12.133 GC heap after
{Heap after GC invocations=3 (full 0):
 garbage-first heap   total 65536K, used 7464K [0x00000000c1400000, 0x0000000100000000)
  region size 1024K, 2 young (2048K), 2 survivors (2048K)
 Metaspace       used 21312K, committed 21504K, reserved 1073152K
  class space    used 2281K, committed 2368K, reserved 1048576K
}
Event: 14.607 GC heap before
{Heap before GC invocations=4 (full 0):
 garbage-first heap   total 30720K, used 21800K [0x00000000c1400000, 0x0000000100000000)
  region size 1024K, 17 young (17408K), 2 survivors (2048K)
 Metaspace       used 25880K, committed 26112K, reserved 1073152K
  class space    used 2822K, committed 2944K, reserved 1048576K
}
Event: 14.617 GC heap after
{Heap after GC invocations=5 (full 0):
 garbage-first heap   total 30720K, used 9124K [0x00000000c1400000, 0x0000000100000000)
  region size 1024K, 3 young (3072K), 3 survivors (3072K)
 Metaspace       used 25880K, committed 26112K, reserved 1073152K
  class space    used 2822K, committed 2944K, reserved 1048576K
}
Event: 17.828 GC heap before
{Heap before GC invocations=5 (full 0):
 garbage-first heap   total 30720K, used 20388K [0x00000000c1400000, 0x0000000100000000)
  region size 1024K, 14 young (14336K), 3 survivors (3072K)
 Metaspace       used 28973K, committed 29184K, reserved 1081344K
  class space    used 3248K, committed 3328K, reserved 1048576K
}
Event: 17.834 GC heap after
{Heap after GC invocations=6 (full 0):
 garbage-first heap   total 30720K, used 9982K [0x00000000c1400000, 0x0000000100000000)
  region size 1024K, 1 young (1024K), 1 survivors (1024K)
 Metaspace       used 28973K, committed 29184K, reserved 1081344K
  class space    used 3248K, committed 3328K, reserved 1048576K
}
Event: 18.339 GC heap before
{Heap before GC invocations=6 (full 0):
 garbage-first heap   total 30720K, used 12030K [0x00000000c1400000, 0x0000000100000000)
  region size 1024K, 5 young (5120K), 1 survivors (1024K)
 Metaspace       used 29904K, committed 30144K, reserved 1081344K
  class space    used 3393K, committed 3520K, reserved 1048576K
}
Event: 18.341 GC heap after
{Heap after GC invocations=7 (full 0):
 garbage-first heap   total 30720K, used 10017K [0x00000000c1400000, 0x0000000100000000)
  region size 1024K, 1 young (1024K), 1 survivors (1024K)
 Metaspace       used 29904K, committed 30144K, reserved 1081344K
  class space    used 3393K, committed 3520K, reserved 1048576K
}
Event: 221.367 GC heap before
{Heap before GC invocations=7 (full 0):
 garbage-first heap   total 47104K, used 36641K [0x00000000c1400000, 0x0000000100000000)
  region size 1024K, 12 young (12288K), 1 survivors (1024K)
 Metaspace       used 32352K, committed 32640K, reserved 1081344K
  class space    used 3704K, committed 3840K, reserved 1048576K
}
Event: 221.400 GC heap after
{Heap after GC invocations=8 (full 0):
 garbage-first heap   total 47104K, used 28562K [0x00000000c1400000, 0x0000000100000000)
  region size 1024K, 2 young (2048K), 2 survivors (2048K)
 Metaspace       used 32352K, committed 32640K, reserved 1081344K
  class space    used 3704K, committed 3840K, reserved 1048576K
}
Event: 221.402 GC heap before
{Heap before GC invocations=8 (full 0):
 garbage-first heap   total 47104K, used 28562K [0x00000000c1400000, 0x0000000100000000)
  region size 1024K, 2 young (2048K), 2 survivors (2048K)
 Metaspace       used 32352K, committed 32640K, reserved 1081344K
  class space    used 3704K, committed 3840K, reserved 1048576K
}
Event: 221.408 GC heap after
{Heap after GC invocations=9 (full 0):
 garbage-first heap   total 47104K, used 28559K [0x00000000c1400000, 0x0000000100000000)
  region size 1024K, 0 young (0K), 0 survivors (0K)
 Metaspace       used 32352K, committed 32640K, reserved 1081344K
  class space    used 3704K, committed 3840K, reserved 1048576K
}

