# JRE version: OpenJDK Runtime Environment Temurin-17.0.1+12 (17.0.1+12) (build 17.0.1+12)
# Java VM: OpenJDK 64-Bit Server VM Temurin-17.0.1+12 (17.0.1+12, mixed mode, tiered, compressed oops, compressed class ptrs, g1 gc, windows-amd64)
GC Precious Log:
 CPUs: 4 total, 4 available
 Memory: 4013M
 Large Page Support: Disabled
 NUMA Support: Disabled
 Compressed Oops: Enabled (32-bit)
 Heap Region Size: 1M
 Heap Min Capacity: 8M
 Heap Initial Capacity: 64M
 Heap Max Capacity: 1004M
 Pre-touch: Disabled
 Parallel Workers: 4
 Concurrent Workers: 1
 Concurrent Refinement Workers: 4
 Periodic GC: Disabled
Heap:
 garbage-first heap   total 48128K, used 35628K [0x00000000c1400000, 0x0000000100000000)
  region size 1024K, 10 young (10240K), 1 survivors (1024K)
 Metaspace       used 31943K, committed 32192K, reserved 1081344K
  class space    used 3667K, committed 3776K, reserved 1048576K
GC Heap History (14 events):
Event: 2.382 GC heap before
{Heap before GC invocations=0 (full 0):
 garbage-first heap   total 65536K, used 13312K [0x00000000c1400000, 0x0000000100000000)
  region size 1024K, 13 young (13312K), 0 survivors (0K)
 Metaspace       used 12196K, committed 12416K, reserved 1064960K
  class space    used 1146K, committed 1280K, reserved 1048576K
}
Event: 2.389 GC heap after
{Heap after GC invocations=1 (full 0):
 garbage-first heap   total 65536K, used 4528K [0x00000000c1400000, 0x0000000100000000)
  region size 1024K, 2 young (2048K), 2 survivors (2048K)
 Metaspace       used 12196K, committed 12416K, reserved 1064960K
  class space    used 1146K, committed 1280K, reserved 1048576K
}
Event: 2.860 GC heap before
{Heap before GC invocations=1 (full 0):
 garbage-first heap   total 65536K, used 15792K [0x00000000c1400000, 0x0000000100000000)
  region size 1024K, 13 young (13312K), 2 survivors (2048K)
 Metaspace       used 16595K, committed 16768K, reserved 1064960K
  class space    used 1658K, committed 1728K, reserved 1048576K
}
Event: 2.866 GC heap after
{Heap after GC invocations=2 (full 0):
 garbage-first heap   total 65536K, used 6130K [0x00000000c1400000, 0x0000000100000000)
  region size 1024K, 2 young (2048K), 2 survivors (2048K)
 Metaspace       used 16595K, committed 16768K, reserved 1064960K
  class space    used 1658K, committed 1728K, reserved 1048576K
}
Event: 6.443 GC heap before
{Heap before GC invocations=2 (full 0):
 garbage-first heap   total 65536K, used 19442K [0x00000000c1400000, 0x0000000100000000)
  region size 1024K, 16 young (16384K), 2 survivors (2048K)
 Metaspace       used 21343K, committed 21504K, reserved 1073152K
  class space    used 2289K, committed 2368K, reserved 1048576K
}
Event: 6.449 GC heap after
{Heap after GC invocations=3 (full 0):
 garbage-first heap   total 65536K, used 7345K [0x00000000c1400000, 0x0000000100000000)
  region size 1024K, 3 young (3072K), 3 survivors (3072K)
 Metaspace       used 21343K, committed 21504K, reserved 1073152K
  class space    used 2289K, committed 2368K, reserved 1048576K
}
Event: 6.880 GC heap before
{Heap before GC invocations=4 (full 0):
 garbage-first heap   total 30720K, used 21681K [0x00000000c1400000, 0x0000000100000000)
  region size 1024K, 18 young (18432K), 3 survivors (3072K)
 Metaspace       used 25900K, committed 26112K, reserved 1073152K
  class space    used 2828K, committed 2944K, reserved 1048576K
}
Event: 6.887 GC heap after
{Heap after GC invocations=5 (full 0):
 garbage-first heap   total 30720K, used 9074K [0x00000000c1400000, 0x0000000100000000)
  region size 1024K, 3 young (3072K), 3 survivors (3072K)
 Metaspace       used 25900K, committed 26112K, reserved 1073152K
  class space    used 2828K, committed 2944K, reserved 1048576K
}
Event: 6.915 GC heap before
{Heap before GC invocations=5 (full 0):
 garbage-first heap   total 30720K, used 10098K [0x00000000c1400000, 0x0000000100000000)
  region size 1024K, 4 young (4096K), 3 survivors (3072K)
 Metaspace       used 26127K, committed 26368K, reserved 1073152K
  class space    used 2883K, committed 3008K, reserved 1048576K
}
Event: 6.918 GC heap after
{Heap after GC invocations=6 (full 0):
 garbage-first heap   total 30720K, used 9632K [0x00000000c1400000, 0x0000000100000000)
  region size 1024K, 1 young (1024K), 1 survivors (1024K)
 Metaspace       used 26127K, committed 26368K, reserved 1073152K
  class space    used 2883K, committed 3008K, reserved 1048576K
}
Event: 10.368 GC heap before
{Heap before GC invocations=6 (full 0):
 garbage-first heap   total 30720K, used 18848K [0x00000000c1400000, 0x0000000100000000)
  region size 1024K, 11 young (11264K), 1 survivors (1024K)
 Metaspace       used 28885K, committed 29056K, reserved 1081344K
  class space    used 3253K, committed 3328K, reserved 1048576K
}
Event: 10.370 GC heap after
{Heap after GC invocations=7 (full 0):
 garbage-first heap   total 30720K, used 9814K [0x00000000c1400000, 0x0000000100000000)
  region size 1024K, 1 young (1024K), 1 survivors (1024K)
 Metaspace       used 28885K, committed 29056K, reserved 1081344K
  class space    used 3253K, committed 3328K, reserved 1048576K
}
Event: 10.483 GC heap before
{Heap before GC invocations=7 (full 0):
 garbage-first heap   total 30720K, used 12886K [0x00000000c1400000, 0x0000000100000000)
  region size 1024K, 5 young (5120K), 1 survivors (1024K)
 Metaspace       used 29852K, committed 30080K, reserved 1081344K
  class space    used 3402K, committed 3520K, reserved 1048576K
}
Event: 10.486 GC heap after
{Heap after GC invocations=8 (full 0):
 garbage-first heap   total 30720K, used 10028K [0x00000000c1400000, 0x0000000100000000)
  region size 1024K, 1 young (1024K), 1 survivors (1024K)
 Metaspace       used 29852K, committed 30080K, reserved 1081344K
  class space    used 3402K, committed 3520K, reserved 1048576K
}

