# JRE version: OpenJDK Runtime Environment Temurin-17.0.1+12 (17.0.1+12) (build 17.0.1+12)
# Java VM: OpenJDK 64-Bit Server VM Temurin-17.0.1+12 (17.0.1+12, mixed mode, tiered, compressed oops, compressed class ptrs, g1 gc, windows-amd64)
GC Precious Log:
 CPUs: 4 total, 4 available
 Memory: 4013M
 Large Page Support: Disabled
 NUMA Support: Disabled
 Compressed Oops: Enabled (32-bit)
 Heap Region Size: 1M
 Heap Min Capacity: 8M
 Heap Initial Capacity: 64M
 Heap Max Capacity: 1004M
 Pre-touch: Disabled
 Parallel Workers: 4
 Concurrent Workers: 1
 Concurrent Refinement Workers: 4
 Periodic GC: Disabled
Heap:
 garbage-first heap   total 66560K, used 46185K [0x00000000c1400000, 0x0000000100000000)
  region size 1024K, 2 young (2048K), 1 survivors (1024K)
 Metaspace       used 32239K, committed 32512K, reserved 1081344K
  class space    used 3701K, committed 3840K, reserved 1048576K
GC Heap History (16 events):
Event: 1.015 GC heap before
{Heap before GC invocations=0 (full 0):
 garbage-first heap   total 65536K, used 13312K [0x00000000c1400000, 0x0000000100000000)
  region size 1024K, 13 young (13312K), 0 survivors (0K)
 Metaspace       used 12098K, committed 12224K, reserved 1064960K
  class space    used 1136K, committed 1152K, reserved 1048576K
}
Event: 1.019 GC heap after
{Heap after GC invocations=1 (full 0):
 garbage-first heap   total 65536K, used 4477K [0x00000000c1400000, 0x0000000100000000)
  region size 1024K, 2 young (2048K), 2 survivors (2048K)
 Metaspace       used 12098K, committed 12224K, reserved 1064960K
  class space    used 1136K, committed 1152K, reserved 1048576K
}
Event: 1.397 GC heap before
{Heap before GC invocations=1 (full 0):
 garbage-first heap   total 65536K, used 15741K [0x00000000c1400000, 0x0000000100000000)
  region size 1024K, 13 young (13312K), 2 survivors (2048K)
 Metaspace       used 16548K, committed 16704K, reserved 1064960K
  class space    used 1652K, committed 1728K, reserved 1048576K
}
Event: 1.401 GC heap after
{Heap after GC invocations=2 (full 0):
 garbage-first heap   total 65536K, used 6066K [0x00000000c1400000, 0x0000000100000000)
  region size 1024K, 2 young (2048K), 2 survivors (2048K)
 Metaspace       used 16548K, committed 16704K, reserved 1064960K
  class space    used 1652K, committed 1728K, reserved 1048576K
}
Event: 1.962 GC heap before
{Heap before GC invocations=2 (full 0):
 garbage-first heap   total 65536K, used 19378K [0x00000000c1400000, 0x0000000100000000)
  region size 1024K, 16 young (16384K), 2 survivors (2048K)
 Metaspace       used 21261K, committed 21504K, reserved 1073152K
  class space    used 2279K, committed 2432K, reserved 1048576K
}
Event: 1.966 GC heap after
{Heap after GC invocations=3 (full 0):
 garbage-first heap   total 65536K, used 7395K [0x00000000c1400000, 0x0000000100000000)
  region size 1024K, 3 young (3072K), 3 survivors (3072K)
 Metaspace       used 21261K, committed 21504K, reserved 1073152K
  class space    used 2279K, committed 2432K, reserved 1048576K
}
Event: 2.321 GC heap before
{Heap before GC invocations=4 (full 0):
 garbage-first heap   total 30720K, used 20707K [0x00000000c1400000, 0x0000000100000000)
  region size 1024K, 17 young (17408K), 3 survivors (3072K)
 Metaspace       used 25558K, committed 25728K, reserved 1073152K
  class space    used 2779K, committed 2880K, reserved 1048576K
}
Event: 2.326 GC heap after
{Heap after GC invocations=5 (full 0):
 garbage-first heap   total 30720K, used 9045K [0x00000000c1400000, 0x0000000100000000)
  region size 1024K, 3 young (3072K), 3 survivors (3072K)
 Metaspace       used 25558K, committed 25728K, reserved 1073152K
  class space    used 2779K, committed 2880K, reserved 1048576K
}
Event: 2.796 GC heap before
{Heap before GC invocations=5 (full 0):
 garbage-first heap   total 30720K, used 18261K [0x00000000c1400000, 0x0000000100000000)
  region size 1024K, 13 young (13312K), 3 survivors (3072K)
 Metaspace       used 28371K, committed 28608K, reserved 1081344K
  class space    used 3189K, committed 3264K, reserved 1048576K
}
Event: 2.800 GC heap after
{Heap after GC invocations=6 (full 0):
 garbage-first heap   total 30720K, used 9955K [0x00000000c1400000, 0x0000000100000000)
  region size 1024K, 1 young (1024K), 1 survivors (1024K)
 Metaspace       used 28371K, committed 28608K, reserved 1081344K
  class space    used 3189K, committed 3264K, reserved 1048576K
}
Event: 2.969 GC heap before
{Heap before GC invocations=6 (full 0):
 garbage-first heap   total 30720K, used 14051K [0x00000000c1400000, 0x0000000100000000)
  region size 1024K, 7 young (7168K), 1 survivors (1024K)
 Metaspace       used 29863K, committed 30080K, reserved 1081344K
  class space    used 3400K, committed 3520K, reserved 1048576K
}
Event: 2.971 GC heap after
{Heap after GC invocations=7 (full 0):
 garbage-first heap   total 30720K, used 10018K [0x00000000c1400000, 0x0000000100000000)
  region size 1024K, 1 young (1024K), 1 survivors (1024K)
 Metaspace       used 29863K, committed 30080K, reserved 1081344K
  class space    used 3400K, committed 3520K, reserved 1048576K
}
Event: 25.745 GC heap before
{Heap before GC invocations=7 (full 0):
 garbage-first heap   total 46080K, used 38690K [0x00000000c1400000, 0x0000000100000000)
  region size 1024K, 12 young (12288K), 1 survivors (1024K)
 Metaspace       used 32239K, committed 32512K, reserved 1081344K
  class space    used 3701K, committed 3840K, reserved 1048576K
}
Event: 25.751 GC heap after
{Heap after GC invocations=8 (full 0):
 garbage-first heap   total 46080K, used 28663K [0x00000000c1400000, 0x0000000100000000)
  region size 1024K, 2 young (2048K), 2 survivors (2048K)
 Metaspace       used 32239K, committed 32512K, reserved 1081344K
  class space    used 3701K, committed 3840K, reserved 1048576K
}
Event: 25.758 GC heap before
{Heap before GC invocations=8 (full 0):
 garbage-first heap   total 46080K, used 28663K [0x00000000c1400000, 0x0000000100000000)
  region size 1024K, 3 young (3072K), 2 survivors (2048K)
 Metaspace       used 32239K, committed 32512K, reserved 1081344K
  class space    used 3701K, committed 3840K, reserved 1048576K
}
Event: 25.761 GC heap after
{Heap after GC invocations=9 (full 0):
 garbage-first heap   total 46080K, used 28777K [0x00000000c1400000, 0x0000000100000000)
  region size 1024K, 1 young (1024K), 1 survivors (1024K)
 Metaspace       used 32239K, committed 32512K, reserved 1081344K
  class space    used 3701K, committed 3840K, reserved 1048576K
}

