<?xml version="1.0" encoding="UTF-8"?>
<!-- Generated by org.testng.reporters.JUnitXMLReporter -->
<testsuite ignored="0" hostname="CISM587" failures="0" tests="6" name="Default test" time="21.93" errors="0" timestamp="2022-03-14T18:39:14 IST">
  <testcase classname="pages.LoginClass" name="setUp" time="4.909"/>
  <testcase classname="pages.LoginClass" name="loginPage" time="2.272"/>
  <testcase classname="pages.LoginClass" name="goToHomePage" time="2.775"/>
  <testcase classname="pages.SearchForHotel" name="searchHotels" time="10.677"/>
  <testcase classname="pages.SearchForHotel" name="searchHotelByName" time="0.465"/>
  <testcase classname="pages.SearchForHotel" name="viewHotelDetails" time="0.499"/>
</testsuite> <!-- Default test -->
